<?xml version="1.0" encoding="UTF-8"?>
<!-- Generated by org.testng.reporters.JUnitXMLReporter -->
<testsuite hostname="DESKTOP-OORKGAV" ignored="3" name="Test" tests="1" failures="1" timestamp="2021-01-22T20:34:52 IST" time="25.562" errors="0">
  <testcase name="@AfterMethod tearDown" time="0.047" classname="Pages.BaseClass">
    <failure type="java.lang.NullPointerException">
      <![CDATA[java.lang.NullPointerException
at Utility.TakeScreenshot.captureScreenshot(TakeScreenshot.java:16)
at Pages.BaseClass.tearDown(BaseClass.java:45)
at java.util.ArrayList.forEach(ArrayList.java:1257)
... Removed 32 stack frames]]>
    </failure>
  </testcase> <!-- @AfterMethod tearDown -->
  <testcase name="init" time="0.187" classname="TestClass.TestClassObjects">
    <failure type="java.lang.NullPointerException">
      <![CDATA[java.lang.NullPointerException
at org.openqa.selenium.support.pagefactory.DefaultElementLocator.findElement(DefaultElementLocator.java:69)
at org.openqa.selenium.support.pagefactory.internal.LocatingElementHandler.invoke(LocatingElementHandler.java:38)
at com.sun.proxy.$Proxy12.sendKeys(Unknown Source)
at Pages.FlightBooking.From(FlightBooking.java:24)
at TestClass.TestClassObjects.init(TestClassObjects.java:21)
at java.util.ArrayList.forEach(ArrayList.java:1257)
... Removed 27 stack frames]]>
    </failure>
  </testcase> <!-- init -->
  <testcase name="@AfterSuite quitAll" time="0.0" classname="Pages.BaseClass">
    <ignored/>
  </testcase> <!-- @AfterSuite quitAll -->
  <testcase name="@BeforeTest initialize" time="0.0" classname="Pages.BaseClass">
    <ignored/>
  </testcase> <!-- @BeforeTest initialize -->
  <testcase name="@BeforeSuite Starts" time="0.0" classname="Pages.BaseClass">
    <ignored/>
  </testcase> <!-- @BeforeSuite Starts -->
</testsuite> <!-- Test -->
